Using pre-set license
Built from '2020.2/release' branch; Version is '2020.2.2f1 (068178b99f32) revision 426360'; Using compiler version '192528614'; Build Type 'Release'
OS: 'Windows 10 Pro; OS build 26100.7623; Version 2009; 64bit' Language: 'en' Physical Memory: 16013 MB
BatchMode: 1, IsHumanControllingUs: 0, StartBugReporterOnCrash: 0, Is64bit: 1, IsPro: 0

 COMMAND LINE ARGUMENTS:
C:\Program Files\Unity\Editor\Unity.exe
-adb2
-batchMode
-noUpm
-name
AssetImportWorker0
-projectPath
C:/Users/jairw/Desktop/GIT/GITHUB/Game-exam/My project
-logFile
Logs/AssetImportWorker0.log
-srvPort
39573
Successfully changed project path to: C:/Users/jairw/Desktop/GIT/GITHUB/Game-exam/My project
C:/Users/jairw/Desktop/GIT/GITHUB/Game-exam/My project
Using Asset Import Pipeline V2.
Refreshing native plugins compatible for Editor in 41.25 ms, found 1 plugins.
Preloading 0 native plugins for Editor in 0.00 ms.
Initialize engine version: 2020.2.2f1 (068178b99f32)
[Subsystems] Discovering subsystems at path C:/Program Files/Unity/Editor/Data/Resources/UnitySubsystems
[Subsystems] Discovering subsystems at path C:/Users/jairw/Desktop/GIT/GITHUB/Game-exam/My project/Assets
GfxDevice: creating device client; threaded=0
Direct3D:
    Version:  Direct3D 11.0 [level 11.1]
    Renderer: Intel(R) Iris(R) Xe Graphics (ID=0x9a49)
    Vendor:   
    VRAM:     8006 MB
    Driver:   32.0.101.7082
Initialize mono
Mono path[0] = 'C:/Program Files/Unity/Editor/Data/Managed'
Mono path[1] = 'C:/Program Files/Unity/Editor/Data/MonoBleedingEdge/lib/mono/unityjit'
Mono config path = 'C:/Program Files/Unity/Editor/Data/MonoBleedingEdge/etc'
Using monoOptions --debugger-agent=transport=dt_socket,embedding=1,server=y,suspend=n,address=127.0.0.1:56332
Begin MonoManager ReloadAssembly
Registering precompiled unity dll's ...
Register platform support module: C:/Program Files/Unity/Editor/Data/PlaybackEngines/WindowsStandaloneSupport/UnityEditor.WindowsStandalone.Extensions.dll
Registered in 0.001657 seconds.
Native extension for WindowsStandalone target not found
Refreshing native plugins compatible for Editor in 38.09 ms, found 1 plugins.
Preloading 0 native plugins for Editor in 0.00 ms.
Invoked RoslynAnalysisRunner static constructor.
RoslynAnalysisRunner will not be running.
RoslynAnalysisRunner has terminated.
Mono: successfully reloaded assembly
- Completed reload, in  1.116 seconds
Platform modules already initialized, skipping
Registering precompiled user dll's ...
Registered in 0.001442 seconds.
Begin MonoManager ReloadAssembly
Native extension for WindowsStandalone target not found
Refreshing native plugins compatible for Editor in 44.06 ms, found 1 plugins.
Preloading 0 native plugins for Editor in 0.00 ms.
Invoked RoslynAnalysisRunner static constructor.
RoslynAnalysisRunner will not be running.
RoslynAnalysisRunner has terminated.
Mono: successfully reloaded assembly
- Completed reload, in  0.932 seconds
Platform modules already initialized, skipping
========================================================================
Worker process is ready to serve import requests
Launched and connected shader compiler UnityShaderCompiler.exe after 0.05 seconds
Refreshing native plugins compatible for Editor in 0.35 ms, found 1 plugins.
Preloading 0 native plugins for Editor in 0.00 ms.
Unloading 1793 Unused Serialized files (Serialized files now loaded: 0)
System memory in use before: 84.2 MB.
System memory in use after: 84.3 MB.

Unloading 19 unused Assets to reduce memory usage. Loaded Objects now: 2240.
Total: 2.166100 ms (FindLiveObjects: 0.182100 ms CreateObjectMapping: 0.040200 ms MarkObjects: 1.853500 ms  DeleteObjects: 0.088300 ms)

========================================================================
Received Import Request.
  path: Assets/Scripts/PlayerController.cs
  artifactKey: Guid(e3e79972986c9da4bbdcfad4b55c8893) Importer(815301076,1909f56bfc062723c751e8b465ee728b)
Start importing Assets/Scripts/PlayerController.cs using Guid(e3e79972986c9da4bbdcfad4b55c8893) Importer(815301076,1909f56bfc062723c751e8b465ee728b)  -> (artifact id: 'eb458de74d83b40a7e2080fd012c5074') in 0.065914 seconds
  Import took 0.070037 seconds .

========================================================================
Received Import Request.
  Time since last request: 1928.439125 seconds.
  path: Assets/Animations
  artifactKey: Guid(e76f1028b57f55345904e8814cb3de1d) Importer(815301076,1909f56bfc062723c751e8b465ee728b)
Start importing Assets/Animations using Guid(e76f1028b57f55345904e8814cb3de1d) Importer(815301076,1909f56bfc062723c751e8b465ee728b)  -> (artifact id: 'c8c2a6483b810a1055def9a0ae55f03d') in 0.015496 seconds
  Import took 0.036665 seconds .

========================================================================
Received Prepare
Registering precompiled user dll's ...
Registered in 0.083681 seconds.
Begin MonoManager ReloadAssembly
Native extension for WindowsStandalone target not found
Refreshing native plugins compatible for Editor in 0.38 ms, found 1 plugins.
Preloading 0 native plugins for Editor in 0.00 ms.
Invoked RoslynAnalysisRunner static constructor.
RoslynAnalysisRunner will not be running.
RoslynAnalysisRunner has terminated.
Mono: successfully reloaded assembly
- Completed reload, in  1.038 seconds
Platform modules already initialized, skipping
Refreshing native plugins compatible for Editor in 0.40 ms, found 1 plugins.
Preloading 0 native plugins for Editor in 0.00 ms.
Unloading 1783 Unused Serialized files (Serialized files now loaded: 0)
System memory in use before: 83.9 MB.
System memory in use after: 84.0 MB.

Unloading 7 unused Assets to reduce memory usage. Loaded Objects now: 2243.
Total: 4.496600 ms (FindLiveObjects: 0.392000 ms CreateObjectMapping: 0.173500 ms MarkObjects: 3.869800 ms  DeleteObjects: 0.056700 ms)

========================================================================
Received Prepare
Registering precompiled user dll's ...
Registered in 0.001038 seconds.
Begin MonoManager ReloadAssembly
Native extension for WindowsStandalone target not found
Refreshing native plugins compatible for Editor in 0.76 ms, found 1 plugins.
Preloading 0 native plugins for Editor in 0.00 ms.
Invoked RoslynAnalysisRunner static constructor.
RoslynAnalysisRunner will not be running.
RoslynAnalysisRunner has terminated.
Mono: successfully reloaded assembly
- Completed reload, in  0.924 seconds
Platform modules already initialized, skipping
Refreshing native plugins compatible for Editor in 0.36 ms, found 1 plugins.
Preloading 0 native plugins for Editor in 0.00 ms.
Unloading 1783 Unused Serialized files (Serialized files now loaded: 0)
System memory in use before: 84.0 MB.
System memory in use after: 84.1 MB.

Unloading 7 unused Assets to reduce memory usage. Loaded Objects now: 2246.
Total: 1.914700 ms (FindLiveObjects: 0.199600 ms CreateObjectMapping: 0.050000 ms MarkObjects: 1.634400 ms  DeleteObjects: 0.029000 ms)

========================================================================
Received Import Request.
  Time since last request: 1062.179375 seconds.
  path: Assets/Animations/Player.controller
  artifactKey: Guid(bf38a3cf8599ef44c8653de19e5d2d85) Importer(815301076,1909f56bfc062723c751e8b465ee728b)
Start importing Assets/Animations/Player.controller using Guid(bf38a3cf8599ef44c8653de19e5d2d85) Importer(815301076,1909f56bfc062723c751e8b465ee728b)  -> (artifact id: '2ea59c894cc05f04fbcd9e2dce62ee3f') in 0.029127 seconds
  Import took 0.032861 seconds .

========================================================================
Received Import Request.
  Time since last request: 0.002830 seconds.
  path: Assets/Animations/Player.controller
  artifactKey: Guid(bf38a3cf8599ef44c8653de19e5d2d85) Importer(815301076,1909f56bfc062723c751e8b465ee728b)
Start importing Assets/Animations/Player.controller using Guid(bf38a3cf8599ef44c8653de19e5d2d85) Importer(815301076,1909f56bfc062723c751e8b465ee728b)  -> (artifact id: '2ea59c894cc05f04fbcd9e2dce62ee3f') in 0.005705 seconds
  Import took 0.011228 seconds .

========================================================================
Received Prepare
Registering precompiled user dll's ...
Registered in 0.001381 seconds.
Begin MonoManager ReloadAssembly
Native extension for WindowsStandalone target not found
Refreshing native plugins compatible for Editor in 0.46 ms, found 1 plugins.
Preloading 0 native plugins for Editor in 0.00 ms.
Invoked RoslynAnalysisRunner static constructor.
RoslynAnalysisRunner will not be running.
RoslynAnalysisRunner has terminated.
Mono: successfully reloaded assembly
- Completed reload, in  0.786 seconds
Platform modules already initialized, skipping
Refreshing native plugins compatible for Editor in 0.35 ms, found 1 plugins.
Preloading 0 native plugins for Editor in 0.00 ms.
Unloading 1783 Unused Serialized files (Serialized files now loaded: 0)
System memory in use before: 84.2 MB.
System memory in use after: 84.3 MB.

Unloading 7 unused Assets to reduce memory usage. Loaded Objects now: 2249.
Total: 2.216200 ms (FindLiveObjects: 0.280700 ms CreateObjectMapping: 0.104200 ms MarkObjects: 1.793000 ms  DeleteObjects: 0.036600 ms)

========================================================================
Received Prepare
Registering precompiled user dll's ...
Registered in 0.000921 seconds.
Begin MonoManager ReloadAssembly
Native extension for WindowsStandalone target not found
Refreshing native plugins compatible for Editor in 0.33 ms, found 1 plugins.
Preloading 0 native plugins for Editor in 0.00 ms.
Invoked RoslynAnalysisRunner static constructor.
RoslynAnalysisRunner will not be running.
RoslynAnalysisRunner has terminated.
Mono: successfully reloaded assembly
- Completed reload, in  0.952 seconds
Platform modules already initialized, skipping
Refreshing native plugins compatible for Editor in 0.39 ms, found 1 plugins.
Preloading 0 native plugins for Editor in 0.00 ms.
Unloading 1783 Unused Serialized files (Serialized files now loaded: 0)
System memory in use before: 84.3 MB.
System memory in use after: 84.4 MB.

Unloading 7 unused Assets to reduce memory usage. Loaded Objects now: 2252.
Total: 2.745000 ms (FindLiveObjects: 0.292700 ms CreateObjectMapping: 0.088400 ms MarkObjects: 2.334600 ms  DeleteObjects: 0.027500 ms)

========================================================================
Received Prepare
Registering precompiled user dll's ...
Registered in 0.000925 seconds.
Begin MonoManager ReloadAssembly
Native extension for WindowsStandalone target not found
Refreshing native plugins compatible for Editor in 0.71 ms, found 1 plugins.
Preloading 0 native plugins for Editor in 0.00 ms.
Invoked RoslynAnalysisRunner static constructor.
RoslynAnalysisRunner will not be running.
RoslynAnalysisRunner has terminated.
Mono: successfully reloaded assembly
- Completed reload, in  0.741 seconds
Platform modules already initialized, skipping
Refreshing native plugins compatible for Editor in 0.28 ms, found 1 plugins.
Preloading 0 native plugins for Editor in 0.00 ms.
Unloading 1783 Unused Serialized files (Serialized files now loaded: 0)
System memory in use before: 84.4 MB.
System memory in use after: 84.5 MB.

Unloading 7 unused Assets to reduce memory usage. Loaded Objects now: 2255.
Total: 2.554500 ms (FindLiveObjects: 0.218600 ms CreateObjectMapping: 0.038800 ms MarkObjects: 2.236000 ms  DeleteObjects: 0.059100 ms)

========================================================================
Received Prepare
Registering precompiled user dll's ...
Registered in 0.000887 seconds.
Begin MonoManager ReloadAssembly
Native extension for WindowsStandalone target not found
Refreshing native plugins compatible for Editor in 0.37 ms, found 1 plugins.
Preloading 0 native plugins for Editor in 0.00 ms.
Invoked RoslynAnalysisRunner static constructor.
RoslynAnalysisRunner will not be running.
RoslynAnalysisRunner has terminated.
Mono: successfully reloaded assembly
- Completed reload, in  0.743 seconds
Platform modules already initialized, skipping
Refreshing native plugins compatible for Editor in 0.44 ms, found 1 plugins.
Preloading 0 native plugins for Editor in 0.00 ms.
Unloading 1783 Unused Serialized files (Serialized files now loaded: 0)
System memory in use before: 84.5 MB.
System memory in use after: 84.6 MB.

Unloading 7 unused Assets to reduce memory usage. Loaded Objects now: 2258.
Total: 5.872000 ms (FindLiveObjects: 0.899000 ms CreateObjectMapping: 0.273400 ms MarkObjects: 4.665400 ms  DeleteObjects: 0.024800 ms)

========================================================================
Received Prepare
Registering precompiled user dll's ...
Registered in 0.001873 seconds.
Begin MonoManager ReloadAssembly
Native extension for WindowsStandalone target not found
Refreshing native plugins compatible for Editor in 0.34 ms, found 1 plugins.
Preloading 0 native plugins for Editor in 0.00 ms.
Invoked RoslynAnalysisRunner static constructor.
RoslynAnalysisRunner will not be running.
RoslynAnalysisRunner has terminated.
Mono: successfully reloaded assembly
- Completed reload, in  1.159 seconds
Platform modules already initialized, skipping
Refreshing native plugins compatible for Editor in 0.36 ms, found 1 plugins.
Preloading 0 native plugins for Editor in 0.00 ms.
Unloading 1783 Unused Serialized files (Serialized files now loaded: 0)
System memory in use before: 84.6 MB.
System memory in use after: 84.7 MB.

Unloading 7 unused Assets to reduce memory usage. Loaded Objects now: 2261.
Total: 2.368400 ms (FindLiveObjects: 0.313100 ms CreateObjectMapping: 0.088200 ms MarkObjects: 1.916000 ms  DeleteObjects: 0.048000 ms)

========================================================================
Received Import Request.
  Time since last request: 816.374228 seconds.
  path: Assets/Animations/Player.controller
  artifactKey: Guid(bf38a3cf8599ef44c8653de19e5d2d85) Importer(815301076,1909f56bfc062723c751e8b465ee728b)
Start importing Assets/Animations/Player.controller using Guid(bf38a3cf8599ef44c8653de19e5d2d85) Importer(815301076,1909f56bfc062723c751e8b465ee728b)  -> (artifact id: 'c7a7dfc9856ac8ec0b5f5e33ff2ef345') in 0.018975 seconds
  Import took 0.024741 seconds .

========================================================================
Received Prepare
Registering precompiled user dll's ...
Registered in 0.002799 seconds.
Begin MonoManager ReloadAssembly
Native extension for WindowsStandalone target not found
Refreshing native plugins compatible for Editor in 0.41 ms, found 1 plugins.
Preloading 0 native plugins for Editor in 0.00 ms.
Invoked RoslynAnalysisRunner static constructor.
RoslynAnalysisRunner will not be running.
RoslynAnalysisRunner has terminated.
Mono: successfully reloaded assembly
- Completed reload, in  1.645 seconds
Platform modules already initialized, skipping
Refreshing native plugins compatible for Editor in 0.32 ms, found 1 plugins.
Preloading 0 native plugins for Editor in 0.00 ms.
Unloading 1783 Unused Serialized files (Serialized files now loaded: 0)
System memory in use before: 84.7 MB.
System memory in use after: 84.8 MB.

Unloading 7 unused Assets to reduce memory usage. Loaded Objects now: 2264.
Total: 2.042800 ms (FindLiveObjects: 0.152900 ms CreateObjectMapping: 0.049700 ms MarkObjects: 1.801600 ms  DeleteObjects: 0.037000 ms)

========================================================================
Received Prepare
Registering precompiled user dll's ...
Registered in 0.002041 seconds.
Begin MonoManager ReloadAssembly
Native extension for WindowsStandalone target not found
Refreshing native plugins compatible for Editor in 0.37 ms, found 1 plugins.
Preloading 0 native plugins for Editor in 0.00 ms.
Invoked RoslynAnalysisRunner static constructor.
RoslynAnalysisRunner will not be running.
RoslynAnalysisRunner has terminated.
Mono: successfully reloaded assembly
- Completed reload, in  1.207 seconds
Platform modules already initialized, skipping
Refreshing native plugins compatible for Editor in 0.54 ms, found 1 plugins.
Preloading 0 native plugins for Editor in 0.00 ms.
Unloading 1783 Unused Serialized files (Serialized files now loaded: 0)
System memory in use before: 84.8 MB.
System memory in use after: 84.9 MB.

Unloading 7 unused Assets to reduce memory usage. Loaded Objects now: 2267.
Total: 2.712100 ms (FindLiveObjects: 0.258000 ms CreateObjectMapping: 0.068300 ms MarkObjects: 2.353800 ms  DeleteObjects: 0.029800 ms)

========================================================================
Received Prepare
Registering precompiled user dll's ...
Registered in 0.001437 seconds.
Begin MonoManager ReloadAssembly
Native extension for WindowsStandalone target not found
Refreshing native plugins compatible for Editor in 0.34 ms, found 1 plugins.
Preloading 0 native plugins for Editor in 0.00 ms.
Invoked RoslynAnalysisRunner static constructor.
RoslynAnalysisRunner will not be running.
RoslynAnalysisRunner has terminated.
Mono: successfully reloaded assembly
- Completed reload, in  1.307 seconds
Platform modules already initialized, skipping
Refreshing native plugins compatible for Editor in 0.34 ms, found 1 plugins.
Preloading 0 native plugins for Editor in 0.00 ms.
Unloading 1783 Unused Serialized files (Serialized files now loaded: 0)
System memory in use before: 84.8 MB.
System memory in use after: 85.0 MB.

Unloading 7 unused Assets to reduce memory usage. Loaded Objects now: 2270.
Total: 2.860800 ms (FindLiveObjects: 0.394900 ms CreateObjectMapping: 0.099000 ms MarkObjects: 2.326200 ms  DeleteObjects: 0.039100 ms)

========================================================================
Received Prepare
Registering precompiled user dll's ...
Registered in 0.002390 seconds.
Begin MonoManager ReloadAssembly
Native extension for WindowsStandalone target not found
Refreshing native plugins compatible for Editor in 0.41 ms, found 1 plugins.
Preloading 0 native plugins for Editor in 0.00 ms.
Invoked RoslynAnalysisRunner static constructor.
RoslynAnalysisRunner will not be running.
RoslynAnalysisRunner has terminated.
Mono: successfully reloaded assembly
- Completed reload, in  1.758 seconds
Platform modules already initialized, skipping
Refreshing native plugins compatible for Editor in 0.51 ms, found 1 plugins.
Preloading 0 native plugins for Editor in 0.00 ms.
Unloading 1783 Unused Serialized files (Serialized files now loaded: 0)
System memory in use before: 85.0 MB.
System memory in use after: 85.1 MB.

Unloading 7 unused Assets to reduce memory usage. Loaded Objects now: 2273.
Total: 2.088500 ms (FindLiveObjects: 0.224000 ms CreateObjectMapping: 0.091400 ms MarkObjects: 1.735000 ms  DeleteObjects: 0.036200 ms)

========================================================================
Received Prepare
Registering precompiled user dll's ...
Registered in 0.003181 seconds.
Begin MonoManager ReloadAssembly
Native extension for WindowsStandalone target not found
Refreshing native plugins compatible for Editor in 0.65 ms, found 1 plugins.
Preloading 0 native plugins for Editor in 0.00 ms.
Invoked RoslynAnalysisRunner static constructor.
RoslynAnalysisRunner will not be running.
RoslynAnalysisRunner has terminated.
Mono: successfully reloaded assembly
- Completed reload, in  1.174 seconds
Platform modules already initialized, skipping
Refreshing native plugins compatible for Editor in 0.31 ms, found 1 plugins.
Preloading 0 native plugins for Editor in 0.00 ms.
Unloading 1783 Unused Serialized files (Serialized files now loaded: 0)
System memory in use before: 85.1 MB.
System memory in use after: 85.2 MB.

Unloading 7 unused Assets to reduce memory usage. Loaded Objects now: 2276.
Total: 3.501900 ms (FindLiveObjects: 0.299900 ms CreateObjectMapping: 0.084900 ms MarkObjects: 3.069400 ms  DeleteObjects: 0.044800 ms)

========================================================================
Received Import Request.
  Time since last request: 1574.633455 seconds.
  path: Assets/Prefabs/block.prefab
  artifactKey: Guid(ca47ba32887802d479fe6889147a20de) Importer(815301076,1909f56bfc062723c751e8b465ee728b)
Start importing Assets/Prefabs/block.prefab using Guid(ca47ba32887802d479fe6889147a20de) Importer(815301076,1909f56bfc062723c751e8b465ee728b)  -> (artifact id: 'cc5148b4632de5c843e623947d80e8c9') in 0.155085 seconds
  Import took 0.160126 seconds .

========================================================================
Received Import Request.
  Time since last request: 60.457102 seconds.
  path: Assets/Prefabs/spikes.prefab
  artifactKey: Guid(ae228b3ee7aa8ac4699db90b7cdbbf99) Importer(815301076,1909f56bfc062723c751e8b465ee728b)
Start importing Assets/Prefabs/spikes.prefab using Guid(ae228b3ee7aa8ac4699db90b7cdbbf99) Importer(815301076,1909f56bfc062723c751e8b465ee728b)  -> (artifact id: 'e9f4994c566aff1133e3d77e664dc2d2') in 0.040547 seconds
  Import took 0.047434 seconds .

========================================================================
Received Import Request.
  Time since last request: 0.006107 seconds.
  path: Assets/Prefabs/spikes.prefab
  artifactKey: Guid(ae228b3ee7aa8ac4699db90b7cdbbf99) Importer(815301076,1909f56bfc062723c751e8b465ee728b)
Start importing Assets/Prefabs/spikes.prefab using Guid(ae228b3ee7aa8ac4699db90b7cdbbf99) Importer(815301076,1909f56bfc062723c751e8b465ee728b)  -> (artifact id: 'e9f4994c566aff1133e3d77e664dc2d2') in 0.017501 seconds
  Import took 0.022165 seconds .

========================================================================
Received Prepare
Registering precompiled user dll's ...
Registered in 0.002075 seconds.
Begin MonoManager ReloadAssembly
Native extension for WindowsStandalone target not found
Refreshing native plugins compatible for Editor in 0.62 ms, found 1 plugins.
Preloading 0 native plugins for Editor in 0.00 ms.
Invoked RoslynAnalysisRunner static constructor.
RoslynAnalysisRunner will not be running.
RoslynAnalysisRunner has terminated.
Mono: successfully reloaded assembly
- Completed reload, in  2.055 seconds
Platform modules already initialized, skipping
Refreshing native plugins compatible for Editor in 0.33 ms, found 1 plugins.
Preloading 0 native plugins for Editor in 0.00 ms.
Unloading 1783 Unused Serialized files (Serialized files now loaded: 0)
System memory in use before: 88.3 MB.
System memory in use after: 88.4 MB.

Unloading 7 unused Assets to reduce memory usage. Loaded Objects now: 2286.
Total: 3.353300 ms (FindLiveObjects: 0.380900 ms CreateObjectMapping: 0.114900 ms MarkObjects: 2.831700 ms  DeleteObjects: 0.023300 ms)

========================================================================
Received Import Request.
  Time since last request: 551.913162 seconds.
  path: Assets/Prefabs/block.prefab
  artifactKey: Guid(ca47ba32887802d479fe6889147a20de) Importer(815301076,1909f56bfc062723c751e8b465ee728b)
Start importing Assets/Prefabs/block.prefab using Guid(ca47ba32887802d479fe6889147a20de) Importer(815301076,1909f56bfc062723c751e8b465ee728b)  -> (artifact id: 'da23f007004234b97fce6ed4115fda10') in 0.108658 seconds
  Import took 0.117129 seconds .

========================================================================
Received Import Request.
  Time since last request: 79.043385 seconds.
  path: Assets/Prefabs/spikes.prefab
  artifactKey: Guid(ae228b3ee7aa8ac4699db90b7cdbbf99) Importer(815301076,1909f56bfc062723c751e8b465ee728b)
Start importing Assets/Prefabs/spikes.prefab using Guid(ae228b3ee7aa8ac4699db90b7cdbbf99) Importer(815301076,1909f56bfc062723c751e8b465ee728b)  -> (artifact id: '19552e5ea66bdf7b8e5c3859896b2c87') in 0.043094 seconds
  Import took 0.049495 seconds .

========================================================================
Received Import Request.
  Time since last request: 4.800640 seconds.
  path: Assets/Prefabs/spikes.prefab
  artifactKey: Guid(ae228b3ee7aa8ac4699db90b7cdbbf99) Importer(815301076,1909f56bfc062723c751e8b465ee728b)
Start importing Assets/Prefabs/spikes.prefab using Guid(ae228b3ee7aa8ac4699db90b7cdbbf99) Importer(815301076,1909f56bfc062723c751e8b465ee728b)  -> (artifact id: '272d7e01d335e5a3a7b341eb24ec8b2e') in 0.017717 seconds
  Import took 0.022173 seconds .

========================================================================
Received Import Request.
  Time since last request: 3.638367 seconds.
  path: Assets/Prefabs/spikes.prefab
  artifactKey: Guid(ae228b3ee7aa8ac4699db90b7cdbbf99) Importer(815301076,1909f56bfc062723c751e8b465ee728b)
Start importing Assets/Prefabs/spikes.prefab using Guid(ae228b3ee7aa8ac4699db90b7cdbbf99) Importer(815301076,1909f56bfc062723c751e8b465ee728b)  -> (artifact id: '683b3826928700ec6dd785d00a944f60') in 0.016507 seconds
  Import took 0.024106 seconds .

========================================================================
Received Import Request.
  Time since last request: 10.094069 seconds.
  path: Assets/Prefabs/spikes.prefab
  artifactKey: Guid(ae228b3ee7aa8ac4699db90b7cdbbf99) Importer(815301076,1909f56bfc062723c751e8b465ee728b)
Start importing Assets/Prefabs/spikes.prefab using Guid(ae228b3ee7aa8ac4699db90b7cdbbf99) Importer(815301076,1909f56bfc062723c751e8b465ee728b)  -> (artifact id: '46c06536bc2f403f6896c1138795ac15') in 0.017494 seconds
  Import took 0.022960 seconds .

========================================================================
Received Import Request.
  Time since last request: 12.142800 seconds.
  path: Assets/Prefabs/spikes.prefab
  artifactKey: Guid(ae228b3ee7aa8ac4699db90b7cdbbf99) Importer(815301076,1909f56bfc062723c751e8b465ee728b)
Start importing Assets/Prefabs/spikes.prefab using Guid(ae228b3ee7aa8ac4699db90b7cdbbf99) Importer(815301076,1909f56bfc062723c751e8b465ee728b)  -> (artifact id: '6dfef3dddc84449ad1f6e1b797956093') in 0.020904 seconds
  Import took 0.026845 seconds .

========================================================================
Received Import Request.
  Time since last request: 6.624697 seconds.
  path: Assets/Prefabs/spikes.prefab
  artifactKey: Guid(ae228b3ee7aa8ac4699db90b7cdbbf99) Importer(815301076,1909f56bfc062723c751e8b465ee728b)
Start importing Assets/Prefabs/spikes.prefab using Guid(ae228b3ee7aa8ac4699db90b7cdbbf99) Importer(815301076,1909f56bfc062723c751e8b465ee728b)  -> (artifact id: '3bfc68da24f8a5ddd6b2aefcbfa8d2ab') in 0.017568 seconds
  Import took 0.023430 seconds .

========================================================================
Received Import Request.
  Time since last request: 32.522272 seconds.
  path: Assets/Prefabs/spikes.prefab
  artifactKey: Guid(ae228b3ee7aa8ac4699db90b7cdbbf99) Importer(815301076,1909f56bfc062723c751e8b465ee728b)
Start importing Assets/Prefabs/spikes.prefab using Guid(ae228b3ee7aa8ac4699db90b7cdbbf99) Importer(815301076,1909f56bfc062723c751e8b465ee728b)  -> (artifact id: 'e1770d338c6c49e354331df86ad77c88') in 0.022463 seconds
  Import took 0.027696 seconds .

========================================================================
Received Import Request.
  Time since last request: 3.764584 seconds.
  path: Assets/Prefabs/spikes.prefab
  artifactKey: Guid(ae228b3ee7aa8ac4699db90b7cdbbf99) Importer(815301076,1909f56bfc062723c751e8b465ee728b)
Start importing Assets/Prefabs/spikes.prefab using Guid(ae228b3ee7aa8ac4699db90b7cdbbf99) Importer(815301076,1909f56bfc062723c751e8b465ee728b)  -> (artifact id: 'a8a5a99bd9818c2a468a31ed808c901f') in 0.112329 seconds
  Import took 0.127492 seconds .

========================================================================
Received Import Request.
  Time since last request: 10.139746 seconds.
  path: ProjectSettings/TagManager.asset
  artifactKey: Guid(00000000000000003000000000000000) Importer(815301076,1909f56bfc062723c751e8b465ee728b)
Start importing ProjectSettings/TagManager.asset using Guid(00000000000000003000000000000000) Importer(815301076,1909f56bfc062723c751e8b465ee728b)  -> (artifact id: '95e80c2ed262f8e5c79d77c7a0d44ef6') in 0.043044 seconds
  Import took 0.047260 seconds .

========================================================================
Received Import Request.
  Time since last request: 14.241011 seconds.
  path: Assets/Prefabs/spikes.prefab
  artifactKey: Guid(ae228b3ee7aa8ac4699db90b7cdbbf99) Importer(815301076,1909f56bfc062723c751e8b465ee728b)
Start importing Assets/Prefabs/spikes.prefab using Guid(ae228b3ee7aa8ac4699db90b7cdbbf99) Importer(815301076,1909f56bfc062723c751e8b465ee728b)  -> (artifact id: '75946b431b54838a421ee82306395a53') in 0.022981 seconds
  Import took 0.030369 seconds .

========================================================================
Received Import Request.
  Time since last request: 183.029625 seconds.
  path: Assets/Prefabs/Med_plat.prefab
  artifactKey: Guid(3a0b84a25b20e044caa7f7591b77feda) Importer(815301076,1909f56bfc062723c751e8b465ee728b)
Start importing Assets/Prefabs/Med_plat.prefab using Guid(3a0b84a25b20e044caa7f7591b77feda) Importer(815301076,1909f56bfc062723c751e8b465ee728b)  -> (artifact id: 'b9ccd46ebc8de16edbdcde6a30953170') in 0.047332 seconds
  Import took 0.053775 seconds .

========================================================================
Received Import Request.
  Time since last request: 113.386292 seconds.
  path: Assets/Prefabs/L_plat.prefab
  artifactKey: Guid(911a19a0e346346499dc56f301211c01) Importer(815301076,1909f56bfc062723c751e8b465ee728b)
Start importing Assets/Prefabs/L_plat.prefab using Guid(911a19a0e346346499dc56f301211c01) Importer(815301076,1909f56bfc062723c751e8b465ee728b)  -> (artifact id: '850d2300aa1eeb7db4b708ca1c3796d0') in 0.045946 seconds
  Import took 0.054056 seconds .

========================================================================
Received Prepare
Registering precompiled user dll's ...
Registered in 0.001299 seconds.
Begin MonoManager ReloadAssembly
Native extension for WindowsStandalone target not found
Refreshing native plugins compatible for Editor in 0.73 ms, found 1 plugins.
Preloading 0 native plugins for Editor in 0.00 ms.
Invoked RoslynAnalysisRunner static constructor.
RoslynAnalysisRunner will not be running.
RoslynAnalysisRunner has terminated.
Mono: successfully reloaded assembly
- Completed reload, in  1.032 seconds
Platform modules already initialized, skipping
Refreshing native plugins compatible for Editor in 0.98 ms, found 1 plugins.
Preloading 0 native plugins for Editor in 0.00 ms.
Unloading 1783 Unused Serialized files (Serialized files now loaded: 0)
System memory in use before: 88.4 MB.
System memory in use after: 88.6 MB.

Unloading 8 unused Assets to reduce memory usage. Loaded Objects now: 2290.
Total: 5.755400 ms (FindLiveObjects: 0.743500 ms CreateObjectMapping: 0.161900 ms MarkObjects: 4.822600 ms  DeleteObjects: 0.024800 ms)

========================================================================
Received Prepare
Registering precompiled user dll's ...
Registered in 0.001116 seconds.
Begin MonoManager ReloadAssembly
Native extension for WindowsStandalone target not found
Refreshing native plugins compatible for Editor in 0.64 ms, found 1 plugins.
Preloading 0 native plugins for Editor in 0.00 ms.
Invoked RoslynAnalysisRunner static constructor.
RoslynAnalysisRunner will not be running.
RoslynAnalysisRunner has terminated.
Mono: successfully reloaded assembly
- Completed reload, in  1.076 seconds
Platform modules already initialized, skipping
Refreshing native plugins compatible for Editor in 0.61 ms, found 1 plugins.
Preloading 0 native plugins for Editor in 0.00 ms.
Unloading 1783 Unused Serialized files (Serialized files now loaded: 0)
System memory in use before: 88.5 MB.
System memory in use after: 88.7 MB.

Unloading 7 unused Assets to reduce memory usage. Loaded Objects now: 2293.
Total: 2.362300 ms (FindLiveObjects: 0.432600 ms CreateObjectMapping: 0.116200 ms MarkObjects: 1.788600 ms  DeleteObjects: 0.022800 ms)

========================================================================
Received Prepare
Registering precompiled user dll's ...
Registered in 0.001145 seconds.
Begin MonoManager ReloadAssembly
Native extension for WindowsStandalone target not found
Refreshing native plugins compatible for Editor in 0.35 ms, found 1 plugins.
Preloading 0 native plugins for Editor in 0.00 ms.
Invoked RoslynAnalysisRunner static constructor.
RoslynAnalysisRunner will not be running.
RoslynAnalysisRunner has terminated.
Mono: successfully reloaded assembly
- Completed reload, in  0.750 seconds
Platform modules already initialized, skipping
Refreshing native plugins compatible for Editor in 0.33 ms, found 1 plugins.
Preloading 0 native plugins for Editor in 0.00 ms.
Unloading 1783 Unused Serialized files (Serialized files now loaded: 0)
System memory in use before: 88.6 MB.
System memory in use after: 88.8 MB.

Unloading 7 unused Assets to reduce memory usage. Loaded Objects now: 2296.
Total: 1.745200 ms (FindLiveObjects: 0.151300 ms CreateObjectMapping: 0.040700 ms MarkObjects: 1.525700 ms  DeleteObjects: 0.026100 ms)

========================================================================
Received Prepare
Registering precompiled user dll's ...
Registered in 0.001048 seconds.
Begin MonoManager ReloadAssembly
Native extension for WindowsStandalone target not found
Refreshing native plugins compatible for Editor in 2.04 ms, found 1 plugins.
Preloading 0 native plugins for Editor in 0.00 ms.
Invoked RoslynAnalysisRunner static constructor.
RoslynAnalysisRunner will not be running.
RoslynAnalysisRunner has terminated.
Mono: successfully reloaded assembly
- Completed reload, in  1.232 seconds
Platform modules already initialized, skipping
Refreshing native plugins compatible for Editor in 0.36 ms, found 1 plugins.
Preloading 0 native plugins for Editor in 0.00 ms.
Unloading 1783 Unused Serialized files (Serialized files now loaded: 0)
System memory in use before: 88.7 MB.
System memory in use after: 88.9 MB.

Unloading 7 unused Assets to reduce memory usage. Loaded Objects now: 2299.
Total: 1.748600 ms (FindLiveObjects: 0.141100 ms CreateObjectMapping: 0.031500 ms MarkObjects: 1.554600 ms  DeleteObjects: 0.020000 ms)

========================================================================
Received Import Request.
  Time since last request: 599.634182 seconds.
  path: Assets/Prefabs/Med_plat 1.prefab
  artifactKey: Guid(5c84bca03cd1ec843808b7125337604e) Importer(815301076,1909f56bfc062723c751e8b465ee728b)
Start importing Assets/Prefabs/Med_plat 1.prefab using Guid(5c84bca03cd1ec843808b7125337604e) Importer(815301076,1909f56bfc062723c751e8b465ee728b)  -> (artifact id: 'fff7c5edc73ca08b01b1f4ce5e2e0a3f') in 0.061237 seconds
  Import took 0.064521 seconds .

========================================================================
Received Import Request.
  Time since last request: 21.671375 seconds.
  path: Assets/Prefabs/Med_plat.prefab
  artifactKey: Guid(3a0b84a25b20e044caa7f7591b77feda) Importer(815301076,1909f56bfc062723c751e8b465ee728b)
Start importing Assets/Prefabs/Med_plat.prefab using Guid(3a0b84a25b20e044caa7f7591b77feda) Importer(815301076,1909f56bfc062723c751e8b465ee728b)  -> (artifact id: 'c23c98495fd9e21df327c90318c685f4') in 0.026883 seconds
  Import took 0.032382 seconds .

========================================================================
Received Import Request.
  Time since last request: 0.008610 seconds.
  path: Assets/Prefabs/Med_plat.prefab
  artifactKey: Guid(3a0b84a25b20e044caa7f7591b77feda) Importer(815301076,1909f56bfc062723c751e8b465ee728b)
Start importing Assets/Prefabs/Med_plat.prefab using Guid(3a0b84a25b20e044caa7f7591b77feda) Importer(815301076,1909f56bfc062723c751e8b465ee728b)  -> (artifact id: 'c23c98495fd9e21df327c90318c685f4') in 0.014955 seconds
  Import took 0.018972 seconds .

========================================================================
Received Prepare
Registering precompiled user dll's ...
Registered in 0.002010 seconds.
Begin MonoManager ReloadAssembly
Native extension for WindowsStandalone target not found
Refreshing native plugins compatible for Editor in 0.38 ms, found 1 plugins.
Preloading 0 native plugins for Editor in 0.00 ms.
Invoked RoslynAnalysisRunner static constructor.
RoslynAnalysisRunner will not be running.
RoslynAnalysisRunner has terminated.
Mono: successfully reloaded assembly
- Completed reload, in  0.789 seconds
Platform modules already initialized, skipping
Refreshing native plugins compatible for Editor in 0.32 ms, found 1 plugins.
Preloading 0 native plugins for Editor in 0.00 ms.
Unloading 1783 Unused Serialized files (Serialized files now loaded: 0)
System memory in use before: 88.8 MB.
System memory in use after: 88.9 MB.

Unloading 7 unused Assets to reduce memory usage. Loaded Objects now: 2303.
Total: 2.314800 ms (FindLiveObjects: 0.277500 ms CreateObjectMapping: 0.052500 ms MarkObjects: 1.959800 ms  DeleteObjects: 0.023000 ms)

========================================================================
Received Prepare
Registering precompiled user dll's ...
Registered in 0.001168 seconds.
Begin MonoManager ReloadAssembly
Native extension for WindowsStandalone target not found
Refreshing native plugins compatible for Editor in 0.36 ms, found 1 plugins.
Preloading 0 native plugins for Editor in 0.00 ms.
Invoked RoslynAnalysisRunner static constructor.
RoslynAnalysisRunner will not be running.
RoslynAnalysisRunner has terminated.
Mono: successfully reloaded assembly
- Completed reload, in  0.813 seconds
Platform modules already initialized, skipping
Refreshing native plugins compatible for Editor in 0.37 ms, found 1 plugins.
Preloading 0 native plugins for Editor in 0.00 ms.
Unloading 1783 Unused Serialized files (Serialized files now loaded: 0)
System memory in use before: 88.9 MB.
System memory in use after: 89.1 MB.

Unloading 7 unused Assets to reduce memory usage. Loaded Objects now: 2306.
Total: 2.076900 ms (FindLiveObjects: 0.147100 ms CreateObjectMapping: 0.041600 ms MarkObjects: 1.859000 ms  DeleteObjects: 0.027600 ms)

========================================================================
Received Import Request.
  Time since last request: 220.890044 seconds.
  path: Assets/Prefabs/L_plat.prefab
  artifactKey: Guid(911a19a0e346346499dc56f301211c01) Importer(815301076,1909f56bfc062723c751e8b465ee728b)
Start importing Assets/Prefabs/L_plat.prefab using Guid(911a19a0e346346499dc56f301211c01) Importer(815301076,1909f56bfc062723c751e8b465ee728b)  -> (artifact id: '23a6e49820104cab163b57853ec1c4a1') in 0.061972 seconds
  Import took 0.065838 seconds .

========================================================================
Received Import Request.
  Time since last request: 233.065597 seconds.
  path: Assets/Prefabs/Med_plat.prefab
  artifactKey: Guid(3a0b84a25b20e044caa7f7591b77feda) Importer(815301076,1909f56bfc062723c751e8b465ee728b)
Start importing Assets/Prefabs/Med_plat.prefab using Guid(3a0b84a25b20e044caa7f7591b77feda) Importer(815301076,1909f56bfc062723c751e8b465ee728b)  -> (artifact id: '41ff10a1b776b58d68ff7cbdde7ff091') in 0.038201 seconds
  Import took 0.043975 seconds .

========================================================================
Received Import Request.
  Time since last request: 0.006337 seconds.
  path: Assets/Prefabs/Med_plat.prefab
  artifactKey: Guid(3a0b84a25b20e044caa7f7591b77feda) Importer(815301076,1909f56bfc062723c751e8b465ee728b)
Start importing Assets/Prefabs/Med_plat.prefab using Guid(3a0b84a25b20e044caa7f7591b77feda) Importer(815301076,1909f56bfc062723c751e8b465ee728b)  -> (artifact id: '41ff10a1b776b58d68ff7cbdde7ff091') in 0.019430 seconds
  Import took 0.023090 seconds .

========================================================================
Received Import Request.
  Time since last request: 49.875969 seconds.
  path: Assets/Prefabs/L_plat.prefab
  artifactKey: Guid(911a19a0e346346499dc56f301211c01) Importer(815301076,1909f56bfc062723c751e8b465ee728b)
Start importing Assets/Prefabs/L_plat.prefab using Guid(911a19a0e346346499dc56f301211c01) Importer(815301076,1909f56bfc062723c751e8b465ee728b)  -> (artifact id: '26b69e3a5edbdf0fbdf8d47f43b3928b') in 0.021677 seconds
  Import took 0.024909 seconds .

========================================================================
Received Prepare
Registering precompiled user dll's ...
Registered in 0.001096 seconds.
Begin MonoManager ReloadAssembly
Native extension for WindowsStandalone target not found
Refreshing native plugins compatible for Editor in 0.36 ms, found 1 plugins.
Preloading 0 native plugins for Editor in 0.00 ms.
Invoked RoslynAnalysisRunner static constructor.
RoslynAnalysisRunner will not be running.
RoslynAnalysisRunner has terminated.
Mono: successfully reloaded assembly
- Completed reload, in  0.677 seconds
Platform modules already initialized, skipping
Refreshing native plugins compatible for Editor in 0.30 ms, found 1 plugins.
Preloading 0 native plugins for Editor in 0.00 ms.
Unloading 1783 Unused Serialized files (Serialized files now loaded: 0)
System memory in use before: 89.1 MB.
System memory in use after: 89.2 MB.

Unloading 7 unused Assets to reduce memory usage. Loaded Objects now: 2310.
Total: 2.093600 ms (FindLiveObjects: 0.204500 ms CreateObjectMapping: 0.063800 ms MarkObjects: 1.783100 ms  DeleteObjects: 0.040600 ms)

========================================================================
Received Prepare
Registering precompiled user dll's ...
Registered in 0.001034 seconds.
Begin MonoManager ReloadAssembly
Native extension for WindowsStandalone target not found
Refreshing native plugins compatible for Editor in 0.32 ms, found 1 plugins.
Preloading 0 native plugins for Editor in 0.00 ms.
Invoked RoslynAnalysisRunner static constructor.
RoslynAnalysisRunner will not be running.
RoslynAnalysisRunner has terminated.
Mono: successfully reloaded assembly
- Completed reload, in  1.053 seconds
Platform modules already initialized, skipping
Refreshing native plugins compatible for Editor in 0.56 ms, found 1 plugins.
Preloading 0 native plugins for Editor in 0.00 ms.
Unloading 1783 Unused Serialized files (Serialized files now loaded: 0)
System memory in use before: 89.1 MB.
System memory in use after: 89.2 MB.

Unloading 7 unused Assets to reduce memory usage. Loaded Objects now: 2313.
Total: 2.120700 ms (FindLiveObjects: 0.197900 ms CreateObjectMapping: 0.049600 ms MarkObjects: 1.830400 ms  DeleteObjects: 0.039800 ms)

========================================================================
Received Prepare
Registering precompiled user dll's ...
Registered in 0.077579 seconds.
Begin MonoManager ReloadAssembly
Native extension for WindowsStandalone target not found
Refreshing native plugins compatible for Editor in 0.64 ms, found 1 plugins.
Preloading 0 native plugins for Editor in 0.00 ms.
Invoked RoslynAnalysisRunner static constructor.
RoslynAnalysisRunner will not be running.
RoslynAnalysisRunner has terminated.
Mono: successfully reloaded assembly
- Completed reload, in  0.863 seconds
Platform modules already initialized, skipping
Refreshing native plugins compatible for Editor in 0.46 ms, found 1 plugins.
Preloading 0 native plugins for Editor in 0.00 ms.
Unloading 1783 Unused Serialized files (Serialized files now loaded: 0)
System memory in use before: 88.3 MB.
System memory in use after: 88.4 MB.

Unloading 7 unused Assets to reduce memory usage. Loaded Objects now: 2316.
Total: 2.485000 ms (FindLiveObjects: 0.190600 ms CreateObjectMapping: 0.069900 ms MarkObjects: 2.156100 ms  DeleteObjects: 0.066100 ms)

========================================================================
Received Import Request.
  Time since last request: 6317.367311 seconds.
  path: Assets/Prefabs/L_plat.prefab
  artifactKey: Guid(911a19a0e346346499dc56f301211c01) Importer(815301076,1909f56bfc062723c751e8b465ee728b)
Start importing Assets/Prefabs/L_plat.prefab using Guid(911a19a0e346346499dc56f301211c01) Importer(815301076,1909f56bfc062723c751e8b465ee728b)  -> (artifact id: '6f98a4ed61681b9462c999130f857583') in 0.077229 seconds
  Import took 0.081630 seconds .

========================================================================
Received Import Request.
  Time since last request: 3.926861 seconds.
  path: Assets/Prefabs/Med_plat.prefab
  artifactKey: Guid(3a0b84a25b20e044caa7f7591b77feda) Importer(815301076,1909f56bfc062723c751e8b465ee728b)
Start importing Assets/Prefabs/Med_plat.prefab using Guid(3a0b84a25b20e044caa7f7591b77feda) Importer(815301076,1909f56bfc062723c751e8b465ee728b)  -> (artifact id: '6f178f41c621331d6cf20755a0d45ef9') in 0.023625 seconds
  Import took 0.026965 seconds .

========================================================================
Received Import Request.
  Time since last request: 0.004302 seconds.
  path: Assets/Prefabs/Med_plat.prefab
  artifactKey: Guid(3a0b84a25b20e044caa7f7591b77feda) Importer(815301076,1909f56bfc062723c751e8b465ee728b)
Start importing Assets/Prefabs/Med_plat.prefab using Guid(3a0b84a25b20e044caa7f7591b77feda) Importer(815301076,1909f56bfc062723c751e8b465ee728b)  -> (artifact id: '6f178f41c621331d6cf20755a0d45ef9') in 0.011757 seconds
  Import took 0.015257 seconds .

========================================================================
Received Import Request.
  Time since last request: 85.173243 seconds.
  path: Assets/Prefabs/goal pole.prefab
  artifactKey: Guid(ef1aa91205a9830488097d844ea87082) Importer(815301076,1909f56bfc062723c751e8b465ee728b)
Start importing Assets/Prefabs/goal pole.prefab using Guid(ef1aa91205a9830488097d844ea87082) Importer(815301076,1909f56bfc062723c751e8b465ee728b)  -> (artifact id: 'b632436487ed85932d8dc2d9bdf3584a') in 0.024193 seconds
  Import took 0.029906 seconds .

========================================================================
Received Import Request.
  Time since last request: 0.016466 seconds.
  path: Assets/Prefabs/goal pole.prefab
  artifactKey: Guid(ef1aa91205a9830488097d844ea87082) Importer(815301076,1909f56bfc062723c751e8b465ee728b)
Start importing Assets/Prefabs/goal pole.prefab using Guid(ef1aa91205a9830488097d844ea87082) Importer(815301076,1909f56bfc062723c751e8b465ee728b)  -> (artifact id: 'b632436487ed85932d8dc2d9bdf3584a') in 0.014867 seconds
  Import took 0.018458 seconds .

========================================================================
Received Import Request.
  Time since last request: 7.991340 seconds.
  path: ProjectSettings/TagManager.asset
  artifactKey: Guid(00000000000000003000000000000000) Importer(815301076,1909f56bfc062723c751e8b465ee728b)
Start importing ProjectSettings/TagManager.asset using Guid(00000000000000003000000000000000) Importer(815301076,1909f56bfc062723c751e8b465ee728b)  -> (artifact id: 'a2b81eb7285d7c1d6940a7140f25d896') in 0.014481 seconds
  Import took 0.020335 seconds .

========================================================================
Received Import Request.
  Time since last request: 0.000695 seconds.
  path: ProjectSettings/TagManager.asset
  artifactKey: Guid(00000000000000003000000000000000) Importer(815301076,1909f56bfc062723c751e8b465ee728b)
Start importing ProjectSettings/TagManager.asset using Guid(00000000000000003000000000000000) Importer(815301076,1909f56bfc062723c751e8b465ee728b)  -> (artifact id: 'a2b81eb7285d7c1d6940a7140f25d896') in 0.005519 seconds
  Import took 0.009364 seconds .

========================================================================
Received Import Request.
  Time since last request: 431.705933 seconds.
  path: Assets/Prefabs/spike pit.prefab
  artifactKey: Guid(27ededbdb0225704686aaa39db4b8e8d) Importer(815301076,1909f56bfc062723c751e8b465ee728b)
Start importing Assets/Prefabs/spike pit.prefab using Guid(27ededbdb0225704686aaa39db4b8e8d) Importer(815301076,1909f56bfc062723c751e8b465ee728b)  -> (artifact id: '250936395244c1d66d82a20f12882a5c') in 0.026071 seconds
  Import took 0.030254 seconds .

========================================================================
Received Prepare
Registering precompiled user dll's ...
Registered in 0.001180 seconds.
Begin MonoManager ReloadAssembly
Native extension for WindowsStandalone target not found
Refreshing native plugins compatible for Editor in 0.49 ms, found 1 plugins.
Preloading 0 native plugins for Editor in 0.00 ms.
Invoked RoslynAnalysisRunner static constructor.
RoslynAnalysisRunner will not be running.
RoslynAnalysisRunner has terminated.
Mono: successfully reloaded assembly
- Completed reload, in  0.837 seconds
Platform modules already initialized, skipping
Refreshing native plugins compatible for Editor in 0.35 ms, found 1 plugins.
Preloading 0 native plugins for Editor in 0.00 ms.
Unloading 1783 Unused Serialized files (Serialized files now loaded: 0)
System memory in use before: 88.4 MB.
System memory in use after: 88.5 MB.

Unloading 9 unused Assets to reduce memory usage. Loaded Objects now: 2320.
Total: 1.959800 ms (FindLiveObjects: 0.290400 ms CreateObjectMapping: 0.103700 ms MarkObjects: 1.540300 ms  DeleteObjects: 0.023800 ms)

========================================================================
Received Prepare
Registering precompiled user dll's ...
Registered in 0.000836 seconds.
Begin MonoManager ReloadAssembly
Native extension for WindowsStandalone target not found
Refreshing native plugins compatible for Editor in 0.30 ms, found 1 plugins.
Preloading 0 native plugins for Editor in 0.00 ms.
Invoked RoslynAnalysisRunner static constructor.
RoslynAnalysisRunner will not be running.
RoslynAnalysisRunner has terminated.
Mono: successfully reloaded assembly
- Completed reload, in  0.748 seconds
Platform modules already initialized, skipping
Refreshing native plugins compatible for Editor in 0.54 ms, found 1 plugins.
Preloading 0 native plugins for Editor in 0.00 ms.
Unloading 1783 Unused Serialized files (Serialized files now loaded: 0)
System memory in use before: 88.5 MB.
System memory in use after: 88.6 MB.

Unloading 7 unused Assets to reduce memory usage. Loaded Objects now: 2323.
Total: 2.604700 ms (FindLiveObjects: 0.184700 ms CreateObjectMapping: 0.037800 ms MarkObjects: 2.353600 ms  DeleteObjects: 0.026400 ms)

========================================================================
Received Prepare
Registering precompiled user dll's ...
Registered in 0.001079 seconds.
Begin MonoManager ReloadAssembly
Native extension for WindowsStandalone target not found
Refreshing native plugins compatible for Editor in 0.31 ms, found 1 plugins.
Preloading 0 native plugins for Editor in 0.00 ms.
Invoked RoslynAnalysisRunner static constructor.
RoslynAnalysisRunner will not be running.
RoslynAnalysisRunner has terminated.
Mono: successfully reloaded assembly
- Completed reload, in  0.702 seconds
Platform modules already initialized, skipping
Refreshing native plugins compatible for Editor in 0.40 ms, found 1 plugins.
Preloading 0 native plugins for Editor in 0.00 ms.
Unloading 1783 Unused Serialized files (Serialized files now loaded: 0)
System memory in use before: 88.6 MB.
System memory in use after: 88.7 MB.

Unloading 7 unused Assets to reduce memory usage. Loaded Objects now: 2326.
Total: 2.243300 ms (FindLiveObjects: 0.180700 ms CreateObjectMapping: 0.077300 ms MarkObjects: 1.956200 ms  DeleteObjects: 0.026800 ms)

========================================================================
Received Prepare
Registering precompiled user dll's ...
Registered in 0.001261 seconds.
Begin MonoManager ReloadAssembly
Native extension for WindowsStandalone target not found
Refreshing native plugins compatible for Editor in 0.33 ms, found 1 plugins.
Preloading 0 native plugins for Editor in 0.00 ms.
Invoked RoslynAnalysisRunner static constructor.
RoslynAnalysisRunner will not be running.
RoslynAnalysisRunner has terminated.
Mono: successfully reloaded assembly
- Completed reload, in  0.720 seconds
Platform modules already initialized, skipping
Refreshing native plugins compatible for Editor in 0.29 ms, found 1 plugins.
Preloading 0 native plugins for Editor in 0.00 ms.
Unloading 1783 Unused Serialized files (Serialized files now loaded: 0)
System memory in use before: 88.7 MB.
System memory in use after: 88.8 MB.

Unloading 7 unused Assets to reduce memory usage. Loaded Objects now: 2329.
Total: 2.053100 ms (FindLiveObjects: 0.371900 ms CreateObjectMapping: 0.130600 ms MarkObjects: 1.516300 ms  DeleteObjects: 0.032800 ms)

========================================================================
Received Prepare
Registering precompiled user dll's ...
Registered in 0.002320 seconds.
Begin MonoManager ReloadAssembly
Native extension for WindowsStandalone target not found
Refreshing native plugins compatible for Editor in 1.35 ms, found 1 plugins.
Preloading 0 native plugins for Editor in 0.00 ms.
Invoked RoslynAnalysisRunner static constructor.
RoslynAnalysisRunner will not be running.
RoslynAnalysisRunner has terminated.
Mono: successfully reloaded assembly
- Completed reload, in  2.379 seconds
Platform modules already initialized, skipping
Refreshing native plugins compatible for Editor in 0.30 ms, found 1 plugins.
Preloading 0 native plugins for Editor in 0.00 ms.
Unloading 1783 Unused Serialized files (Serialized files now loaded: 0)
System memory in use before: 88.8 MB.
System memory in use after: 88.9 MB.

Unloading 7 unused Assets to reduce memory usage. Loaded Objects now: 2332.
Total: 2.311100 ms (FindLiveObjects: 0.246500 ms CreateObjectMapping: 0.083200 ms MarkObjects: 1.956400 ms  DeleteObjects: 0.022200 ms)

========================================================================
Received Prepare
Registering precompiled user dll's ...
Registered in 0.008996 seconds.
Begin MonoManager ReloadAssembly
Native extension for WindowsStandalone target not found
Refreshing native plugins compatible for Editor in 1.06 ms, found 1 plugins.
Preloading 0 native plugins for Editor in 0.00 ms.
Invoked RoslynAnalysisRunner static constructor.
RoslynAnalysisRunner will not be running.
RoslynAnalysisRunner has terminated.
Mono: successfully reloaded assembly
- Completed reload, in  1.821 seconds
Platform modules already initialized, skipping
Refreshing native plugins compatible for Editor in 0.50 ms, found 1 plugins.
Preloading 0 native plugins for Editor in 0.00 ms.
Unloading 1783 Unused Serialized files (Serialized files now loaded: 0)
System memory in use before: 88.9 MB.
System memory in use after: 89.0 MB.

Unloading 7 unused Assets to reduce memory usage. Loaded Objects now: 2335.
Total: 3.908800 ms (FindLiveObjects: 0.537400 ms CreateObjectMapping: 0.106800 ms MarkObjects: 3.237100 ms  DeleteObjects: 0.024700 ms)

========================================================================
Received Prepare
Registering precompiled user dll's ...
Registered in 0.001620 seconds.
Begin MonoManager ReloadAssembly
Native extension for WindowsStandalone target not found
Refreshing native plugins compatible for Editor in 0.49 ms, found 1 plugins.
Preloading 0 native plugins for Editor in 0.00 ms.
Invoked RoslynAnalysisRunner static constructor.
RoslynAnalysisRunner will not be running.
RoslynAnalysisRunner has terminated.
Mono: successfully reloaded assembly
- Completed reload, in  0.922 seconds
Platform modules already initialized, skipping
Refreshing native plugins compatible for Editor in 0.50 ms, found 1 plugins.
Preloading 0 native plugins for Editor in 0.00 ms.
Unloading 1783 Unused Serialized files (Serialized files now loaded: 0)
System memory in use before: 89.0 MB.
System memory in use after: 89.1 MB.

Unloading 7 unused Assets to reduce memory usage. Loaded Objects now: 2338.
Total: 2.469100 ms (FindLiveObjects: 0.217700 ms CreateObjectMapping: 0.050900 ms MarkObjects: 2.165100 ms  DeleteObjects: 0.032500 ms)

========================================================================
Received Prepare
Registering precompiled user dll's ...
Registered in 0.003007 seconds.
Begin MonoManager ReloadAssembly
Native extension for WindowsStandalone target not found
Refreshing native plugins compatible for Editor in 0.63 ms, found 1 plugins.
Preloading 0 native plugins for Editor in 0.00 ms.
Invoked RoslynAnalysisRunner static constructor.
RoslynAnalysisRunner will not be running.
RoslynAnalysisRunner has terminated.
Mono: successfully reloaded assembly
- Completed reload, in  1.328 seconds
Platform modules already initialized, skipping
Refreshing native plugins compatible for Editor in 0.38 ms, found 1 plugins.
Preloading 0 native plugins for Editor in 0.00 ms.
Unloading 1783 Unused Serialized files (Serialized files now loaded: 0)
System memory in use before: 89.1 MB.
System memory in use after: 89.2 MB.

Unloading 7 unused Assets to reduce memory usage. Loaded Objects now: 2341.
Total: 2.647300 ms (FindLiveObjects: 0.490600 ms CreateObjectMapping: 0.152300 ms MarkObjects: 1.971100 ms  DeleteObjects: 0.029900 ms)

========================================================================
Received Prepare
Registering precompiled user dll's ...
Registered in 0.001308 seconds.
Begin MonoManager ReloadAssembly
Native extension for WindowsStandalone target not found
Refreshing native plugins compatible for Editor in 0.32 ms, found 1 plugins.
Preloading 0 native plugins for Editor in 0.00 ms.
Invoked RoslynAnalysisRunner static constructor.
RoslynAnalysisRunner will not be running.
RoslynAnalysisRunner has terminated.
Mono: successfully reloaded assembly
- Completed reload, in  0.913 seconds
Platform modules already initialized, skipping
Refreshing native plugins compatible for Editor in 0.36 ms, found 1 plugins.
Preloading 0 native plugins for Editor in 0.00 ms.
Unloading 1783 Unused Serialized files (Serialized files now loaded: 0)
System memory in use before: 89.2 MB.
System memory in use after: 89.3 MB.

Unloading 7 unused Assets to reduce memory usage. Loaded Objects now: 2344.
Total: 2.016600 ms (FindLiveObjects: 0.217300 ms CreateObjectMapping: 0.077400 ms MarkObjects: 1.695900 ms  DeleteObjects: 0.024000 ms)

========================================================================
Received Prepare
Registering precompiled user dll's ...
Registered in 0.000884 seconds.
Begin MonoManager ReloadAssembly
Native extension for WindowsStandalone target not found
Refreshing native plugins compatible for Editor in 0.32 ms, found 1 plugins.
Preloading 0 native plugins for Editor in 0.00 ms.
Invoked RoslynAnalysisRunner static constructor.
RoslynAnalysisRunner will not be running.
RoslynAnalysisRunner has terminated.
Mono: successfully reloaded assembly
- Completed reload, in  0.771 seconds
Platform modules already initialized, skipping
Refreshing native plugins compatible for Editor in 0.51 ms, found 1 plugins.
Preloading 0 native plugins for Editor in 0.00 ms.
Unloading 1783 Unused Serialized files (Serialized files now loaded: 0)
System memory in use before: 88.3 MB.
System memory in use after: 88.5 MB.

Unloading 7 unused Assets to reduce memory usage. Loaded Objects now: 2347.
Total: 3.430400 ms (FindLiveObjects: 1.026600 ms CreateObjectMapping: 0.094700 ms MarkObjects: 2.270300 ms  DeleteObjects: 0.035400 ms)

========================================================================
Received Prepare
Registering precompiled user dll's ...
Registered in 0.000839 seconds.
Begin MonoManager ReloadAssembly
Native extension for WindowsStandalone target not found
Refreshing native plugins compatible for Editor in 0.30 ms, found 1 plugins.
Preloading 0 native plugins for Editor in 0.00 ms.
Invoked RoslynAnalysisRunner static constructor.
RoslynAnalysisRunner will not be running.
RoslynAnalysisRunner has terminated.
Mono: successfully reloaded assembly
- Completed reload, in  0.725 seconds
Platform modules already initialized, skipping
Refreshing native plugins compatible for Editor in 0.63 ms, found 1 plugins.
Preloading 0 native plugins for Editor in 0.00 ms.
Unloading 1783 Unused Serialized files (Serialized files now loaded: 0)
System memory in use before: 88.4 MB.
System memory in use after: 88.6 MB.

Unloading 7 unused Assets to reduce memory usage. Loaded Objects now: 2350.
Total: 4.823600 ms (FindLiveObjects: 0.389900 ms CreateObjectMapping: 0.104700 ms MarkObjects: 4.289500 ms  DeleteObjects: 0.036000 ms)

========================================================================
Received Import Request.
  Time since last request: 698.632337 seconds.
  path: Assets/Prefabs/spikes.prefab
  artifactKey: Guid(ae228b3ee7aa8ac4699db90b7cdbbf99) Importer(815301076,1909f56bfc062723c751e8b465ee728b)
Start importing Assets/Prefabs/spikes.prefab using Guid(ae228b3ee7aa8ac4699db90b7cdbbf99) Importer(815301076,1909f56bfc062723c751e8b465ee728b)  -> (artifact id: '0865575cddc38948b527afbf3c4c1bb0') in 0.086325 seconds
  Import took 0.097385 seconds .

========================================================================
Received Import Request.
  Time since last request: 0.000343 seconds.
  path: Assets/Prefabs/spike pit.prefab
  artifactKey: Guid(27ededbdb0225704686aaa39db4b8e8d) Importer(815301076,1909f56bfc062723c751e8b465ee728b)
Start importing Assets/Prefabs/spike pit.prefab using Guid(27ededbdb0225704686aaa39db4b8e8d) Importer(815301076,1909f56bfc062723c751e8b465ee728b)  -> (artifact id: 'e8d217397b8bc696696c1c556167e1ee') in 0.142212 seconds
  Import took 0.150462 seconds .

========================================================================
Received Prepare
Registering precompiled user dll's ...
Registered in 0.001023 seconds.
Begin MonoManager ReloadAssembly
Native extension for WindowsStandalone target not found
Refreshing native plugins compatible for Editor in 0.32 ms, found 1 plugins.
Preloading 0 native plugins for Editor in 0.00 ms.
Invoked RoslynAnalysisRunner static constructor.
RoslynAnalysisRunner will not be running.
RoslynAnalysisRunner has terminated.
Mono: successfully reloaded assembly
- Completed reload, in  0.853 seconds
Platform modules already initialized, skipping
Refreshing native plugins compatible for Editor in 0.32 ms, found 1 plugins.
Preloading 0 native plugins for Editor in 0.00 ms.
Unloading 1783 Unused Serialized files (Serialized files now loaded: 0)
System memory in use before: 88.5 MB.
System memory in use after: 88.7 MB.

Unloading 7 unused Assets to reduce memory usage. Loaded Objects now: 2354.
Total: 1.836800 ms (FindLiveObjects: 0.302800 ms CreateObjectMapping: 0.067800 ms MarkObjects: 1.445300 ms  DeleteObjects: 0.017400 ms)

========================================================================
Received Import Request.
  Time since last request: 90.821821 seconds.
  path: Assets/Scripts/GoalPole.cs
  artifactKey: Guid(5c1406a388e1c56478c75300222430da) Importer(815301076,1909f56bfc062723c751e8b465ee728b)
Start importing Assets/Scripts/GoalPole.cs using Guid(5c1406a388e1c56478c75300222430da) Importer(815301076,1909f56bfc062723c751e8b465ee728b)  -> (artifact id: '55126616aad2bf5dd42da1131f0665f5') in 0.028904 seconds
  Import took 0.033303 seconds .

========================================================================
Received Prepare
Registering precompiled user dll's ...
Registered in 0.000968 seconds.
Begin MonoManager ReloadAssembly
Native extension for WindowsStandalone target not found
Refreshing native plugins compatible for Editor in 0.29 ms, found 1 plugins.
Preloading 0 native plugins for Editor in 0.00 ms.
Invoked RoslynAnalysisRunner static constructor.
RoslynAnalysisRunner will not be running.
RoslynAnalysisRunner has terminated.
Mono: successfully reloaded assembly
- Completed reload, in  0.742 seconds
Platform modules already initialized, skipping
Refreshing native plugins compatible for Editor in 0.45 ms, found 1 plugins.
Preloading 0 native plugins for Editor in 0.00 ms.
Unloading 1784 Unused Serialized files (Serialized files now loaded: 0)
System memory in use before: 88.7 MB.
System memory in use after: 88.8 MB.

Unloading 7 unused Assets to reduce memory usage. Loaded Objects now: 2358.
Total: 3.126700 ms (FindLiveObjects: 0.388400 ms CreateObjectMapping: 0.173600 ms MarkObjects: 2.534000 ms  DeleteObjects: 0.027500 ms)

========================================================================
Received Import Request.
  Time since last request: 22.530338 seconds.
  path: Assets/Prefabs/goal pole.prefab
  artifactKey: Guid(ef1aa91205a9830488097d844ea87082) Importer(815301076,1909f56bfc062723c751e8b465ee728b)
Start importing Assets/Prefabs/goal pole.prefab using Guid(ef1aa91205a9830488097d844ea87082) Importer(815301076,1909f56bfc062723c751e8b465ee728b)  -> (artifact id: 'bb2dd8845020c45e22b069a7a4b1c2c9') in 0.056412 seconds
  Import took 0.061267 seconds .

========================================================================
Received Import Request.
  Time since last request: 11.754030 seconds.
  path: Assets/Prefabs/goal pole.prefab
  artifactKey: Guid(ef1aa91205a9830488097d844ea87082) Importer(815301076,1909f56bfc062723c751e8b465ee728b)
Start importing Assets/Prefabs/goal pole.prefab using Guid(ef1aa91205a9830488097d844ea87082) Importer(815301076,1909f56bfc062723c751e8b465ee728b)  -> (artifact id: 'bd2c0b841e671ebdc0a08f616988b4ad') in 0.020226 seconds
  Import took 0.024055 seconds .

========================================================================
Received Import Request.
  Time since last request: 247.807722 seconds.
  path: Assets/Scripts/GoalPole.cs
  artifactKey: Guid(5c1406a388e1c56478c75300222430da) Importer(815301076,1909f56bfc062723c751e8b465ee728b)
Start importing Assets/Scripts/GoalPole.cs using Guid(5c1406a388e1c56478c75300222430da) Importer(815301076,1909f56bfc062723c751e8b465ee728b)  -> (artifact id: '677b05676c9f5e15b799ab6c32b1e055') in 0.016520 seconds
  Import took 0.020522 seconds .

========================================================================
Received Prepare
Registering precompiled user dll's ...
Registered in 0.000838 seconds.
Begin MonoManager ReloadAssembly
Native extension for WindowsStandalone target not found
Refreshing native plugins compatible for Editor in 0.30 ms, found 1 plugins.
Preloading 0 native plugins for Editor in 0.00 ms.
Invoked RoslynAnalysisRunner static constructor.
RoslynAnalysisRunner will not be running.
RoslynAnalysisRunner has terminated.
Mono: successfully reloaded assembly
- Completed reload, in  0.687 seconds
Platform modules already initialized, skipping
Refreshing native plugins compatible for Editor in 0.28 ms, found 1 plugins.
Preloading 0 native plugins for Editor in 0.00 ms.
Unloading 1784 Unused Serialized files (Serialized files now loaded: 0)
System memory in use before: 88.8 MB.
System memory in use after: 88.9 MB.

Unloading 7 unused Assets to reduce memory usage. Loaded Objects now: 2362.
Total: 1.748800 ms (FindLiveObjects: 0.207100 ms CreateObjectMapping: 0.038200 ms MarkObjects: 1.462500 ms  DeleteObjects: 0.039400 ms)

========================================================================
Received Import Request.
  Time since last request: 218.237797 seconds.
  path: Assets/Scripts/GoalPole.cs
  artifactKey: Guid(5c1406a388e1c56478c75300222430da) Importer(815301076,1909f56bfc062723c751e8b465ee728b)
Start importing Assets/Scripts/GoalPole.cs using Guid(5c1406a388e1c56478c75300222430da) Importer(815301076,1909f56bfc062723c751e8b465ee728b)  -> (artifact id: '75dd9df2292baa71c070591166b7d021') in 0.010479 seconds
  Import took 0.015738 seconds .

========================================================================
Received Import Request.
  Time since last request: 0.103600 seconds.
  path: Assets/Scripts/GoalPole.cs
  artifactKey: Guid(5c1406a388e1c56478c75300222430da) Importer(815301076,1909f56bfc062723c751e8b465ee728b)
Start importing Assets/Scripts/GoalPole.cs using Guid(5c1406a388e1c56478c75300222430da) Importer(815301076,1909f56bfc062723c751e8b465ee728b)  -> (artifact id: '75dd9df2292baa71c070591166b7d021') in 0.005891 seconds
  Import took 0.010913 seconds .

========================================================================
Received Import Request.
  Time since last request: 327.038508 seconds.
  path: Assets/Scripts/GoalPole.cs
  artifactKey: Guid(5c1406a388e1c56478c75300222430da) Importer(815301076,1909f56bfc062723c751e8b465ee728b)
Start importing Assets/Scripts/GoalPole.cs using Guid(5c1406a388e1c56478c75300222430da) Importer(815301076,1909f56bfc062723c751e8b465ee728b)  -> (artifact id: '53bf097e8fa7cb7c5e153683c5b09f53') in 0.004504 seconds
  Import took 0.009983 seconds .

========================================================================
Received Import Request.
  Time since last request: 32.593887 seconds.
  path: Assets/Scripts/GoalPole.cs
  artifactKey: Guid(5c1406a388e1c56478c75300222430da) Importer(815301076,1909f56bfc062723c751e8b465ee728b)
Start importing Assets/Scripts/GoalPole.cs using Guid(5c1406a388e1c56478c75300222430da) Importer(815301076,1909f56bfc062723c751e8b465ee728b)  -> (artifact id: '8781125959762f40084e6d472fd9969d') in 0.003309 seconds
  Import took 0.006676 seconds .

========================================================================
Received Prepare
Registering precompiled user dll's ...
Registered in 0.002148 seconds.
Begin MonoManager ReloadAssembly
Native extension for WindowsStandalone target not found
Refreshing native plugins compatible for Editor in 0.35 ms, found 1 plugins.
Preloading 0 native plugins for Editor in 0.00 ms.
Invoked RoslynAnalysisRunner static constructor.
RoslynAnalysisRunner will not be running.
RoslynAnalysisRunner has terminated.
Mono: successfully reloaded assembly
- Completed reload, in  0.825 seconds
Platform modules already initialized, skipping
Refreshing native plugins compatible for Editor in 0.28 ms, found 1 plugins.
Preloading 0 native plugins for Editor in 0.00 ms.
Unloading 1784 Unused Serialized files (Serialized files now loaded: 0)
System memory in use before: 88.9 MB.
System memory in use after: 89.0 MB.

Unloading 7 unused Assets to reduce memory usage. Loaded Objects now: 2365.
Total: 1.613700 ms (FindLiveObjects: 0.168500 ms CreateObjectMapping: 0.037400 ms MarkObjects: 1.388100 ms  DeleteObjects: 0.018000 ms)

========================================================================
Received Prepare
Registering precompiled user dll's ...
Registered in 0.001195 seconds.
Begin MonoManager ReloadAssembly
Native extension for WindowsStandalone target not found
Refreshing native plugins compatible for Editor in 0.67 ms, found 1 plugins.
Preloading 0 native plugins for Editor in 0.00 ms.
Invoked RoslynAnalysisRunner static constructor.
RoslynAnalysisRunner will not be running.
RoslynAnalysisRunner has terminated.
Mono: successfully reloaded assembly
- Completed reload, in  0.728 seconds
Platform modules already initialized, skipping
Refreshing native plugins compatible for Editor in 0.32 ms, found 1 plugins.
Preloading 0 native plugins for Editor in 0.00 ms.
Unloading 1784 Unused Serialized files (Serialized files now loaded: 0)
System memory in use before: 89.0 MB.
System memory in use after: 89.1 MB.

Unloading 7 unused Assets to reduce memory usage. Loaded Objects now: 2368.
Total: 2.411300 ms (FindLiveObjects: 0.198700 ms CreateObjectMapping: 0.044900 ms MarkObjects: 2.141600 ms  DeleteObjects: 0.022700 ms)

========================================================================
Received Import Request.
  Time since last request: 85.014186 seconds.
  path: Assets/Prefabs/goal pole.prefab
  artifactKey: Guid(ef1aa91205a9830488097d844ea87082) Importer(815301076,1909f56bfc062723c751e8b465ee728b)
Start importing Assets/Prefabs/goal pole.prefab using Guid(ef1aa91205a9830488097d844ea87082) Importer(815301076,1909f56bfc062723c751e8b465ee728b)  -> (artifact id: 'dd51c54a43dc748c6f48af8e2c11ec64') in 0.063935 seconds
  Import took 0.068549 seconds .

========================================================================
Received Prepare
Registering precompiled user dll's ...
Registered in 0.001736 seconds.
Begin MonoManager ReloadAssembly
Native extension for WindowsStandalone target not found
Refreshing native plugins compatible for Editor in 0.40 ms, found 1 plugins.
Preloading 0 native plugins for Editor in 0.00 ms.
Invoked RoslynAnalysisRunner static constructor.
RoslynAnalysisRunner will not be running.
RoslynAnalysisRunner has terminated.
Mono: successfully reloaded assembly
- Completed reload, in  0.932 seconds
Platform modules already initialized, skipping
Refreshing native plugins compatible for Editor in 0.44 ms, found 1 plugins.
Preloading 0 native plugins for Editor in 0.00 ms.
Unloading 1784 Unused Serialized files (Serialized files now loaded: 0)
System memory in use before: 89.1 MB.
System memory in use after: 89.2 MB.

Unloading 7 unused Assets to reduce memory usage. Loaded Objects now: 2372.
Total: 2.195300 ms (FindLiveObjects: 0.182700 ms CreateObjectMapping: 0.068300 ms MarkObjects: 1.913900 ms  DeleteObjects: 0.028000 ms)

========================================================================
Received Prepare
Registering precompiled user dll's ...
Registered in 0.001119 seconds.
Begin MonoManager ReloadAssembly
Native extension for WindowsStandalone target not found
Refreshing native plugins compatible for Editor in 0.42 ms, found 1 plugins.
Preloading 0 native plugins for Editor in 0.00 ms.
Invoked RoslynAnalysisRunner static constructor.
RoslynAnalysisRunner will not be running.
RoslynAnalysisRunner has terminated.
Mono: successfully reloaded assembly
- Completed reload, in  0.741 seconds
Platform modules already initialized, skipping
Refreshing native plugins compatible for Editor in 0.28 ms, found 1 plugins.
Preloading 0 native plugins for Editor in 0.00 ms.
Unloading 1784 Unused Serialized files (Serialized files now loaded: 0)
System memory in use before: 89.2 MB.
System memory in use after: 89.3 MB.

Unloading 7 unused Assets to reduce memory usage. Loaded Objects now: 2375.
Total: 2.043100 ms (FindLiveObjects: 0.150100 ms CreateObjectMapping: 0.032400 ms MarkObjects: 1.839500 ms  DeleteObjects: 0.019300 ms)

AssetImportWorkerClient::OnTransportError - code=2 error=End of file
